\BOOKMARK [0][-]{chapter.1}{Introduction}{}% 1
\BOOKMARK [1][-]{section.1.1}{Personal Motivation}{chapter.1}% 2
\BOOKMARK [1][-]{section.1.2}{Organization of this Document}{chapter.1}% 3
\BOOKMARK [0][-]{chapter.2}{Prior Work}{}% 4
\BOOKMARK [1][-]{section.2.1}{Development of the Unscented Kalman Filter}{chapter.2}% 5
\BOOKMARK [1][-]{section.2.2}{Visual-Inertial Navigation}{chapter.2}% 6
\BOOKMARK [0][-]{chapter.3}{Algorithm Design and Implementation}{}% 7
\BOOKMARK [1][-]{section.3.1}{UKF Formulation}{chapter.3}% 8
\BOOKMARK [2][-]{subsection.3.1.1}{Prediction Step}{section.3.1}% 9
\BOOKMARK [2][-]{subsection.3.1.2}{Correction Step}{section.3.1}% 10
\BOOKMARK [2][-]{subsection.3.1.3}{Process Model}{section.3.1}% 11
\BOOKMARK [2][-]{subsection.3.1.4}{Observation Model}{section.3.1}% 12
\BOOKMARK [2][-]{subsection.3.1.5}{Process Noise Covariance Matrix}{section.3.1}% 13
\BOOKMARK [2][-]{subsection.3.1.6}{Measurement Noise Covariance Matrix}{section.3.1}% 14
\BOOKMARK [1][-]{section.3.2}{Software Design Considerations}{chapter.3}% 15
\BOOKMARK [0][-]{chapter.4}{Experimental Design}{}% 16
\BOOKMARK [1][-]{section.4.1}{Testing Considerations}{chapter.4}% 17
\BOOKMARK [2][-]{subsection.4.1.1}{PTAM Anomalies}{section.4.1}% 18
\BOOKMARK [1][-]{section.4.2}{Experimental Procedures}{chapter.4}% 19
\BOOKMARK [1][-]{section.4.3}{Materials}{chapter.4}% 20
\BOOKMARK [2][-]{subsection.4.3.1}{Computation and Sensing}{section.4.3}% 21
\BOOKMARK [2][-]{subsection.4.3.2}{Mobile Test Stand}{section.4.3}% 22
\BOOKMARK [0][-]{chapter.5}{Experimental Results}{}% 23
\BOOKMARK [1][-]{section.5.1}{Long Walk Trials}{chapter.5}% 24
\BOOKMARK [1][-]{section.5.2}{Box Pattern Trials}{chapter.5}% 25
\BOOKMARK [1][-]{section.5.3}{Error Analysis}{chapter.5}% 26
\BOOKMARK [0][-]{chapter.6}{Conclusions and Future Work}{}% 27
\BOOKMARK [1][-]{section.6.1}{Conclusions}{chapter.6}% 28
\BOOKMARK [1][-]{section.6.2}{Future Work}{chapter.6}% 29
\BOOKMARK [2][-]{subsection.6.2.1}{System Improvements}{section.6.2}% 30
\BOOKMARK [2][-]{subsection.6.2.2}{Future Experiments}{section.6.2}% 31
\BOOKMARK [2][-]{subsection.6.2.3}{System Applications}{section.6.2}% 32
\BOOKMARK [0][-]{Item.37}{Bibliography}{}% 33
\BOOKMARK [0][-]{section*.53}{Appendices}{}% 34
\BOOKMARK [0][-]{Appendix.1.A}{node.cpp Listing}{}% 35
\BOOKMARK [0][-]{Appendix.1.B}{UnscentedKf.h Listing}{}% 36
\BOOKMARK [0][-]{Appendix.1.C}{UnscentedKf.cpp Listing}{}% 37
\BOOKMARK [0][-]{Appendix.1.D}{QuadUkf.h Listing}{}% 38
\BOOKMARK [0][-]{Appendix.1.E}{QuadUkf.cpp Listing}{}% 39
\BOOKMARK [0][-]{Appendix.1.F}{CMakeLists.txt Listing}{}% 40
